build/app/intermediates/manifest_merge_blame_file/release/manifest-merger-blame-release-report.txt
1<?xml version="1.0" encoding="utf-8"?>
2<manifest xmlns:android="http://schemas.android.com/apk/res/android"
3    package="com.example.bvrit"
4    android:versionCode="1"
5    android:versionName="1.0.0" >
6
7    <uses-sdk
8        android:minSdkVersion="21"
8-->src/main/AndroidManifest.xml
9        android:targetSdkVersion="31" />
9-->src/main/AndroidManifest.xml
10
11    <uses-permission android:name="android.permission.INTERNET" />
11-->src/main/AndroidManifest.xml:2:5-66
11-->src/main/AndroidManifest.xml:2:22-64
12    <uses-permission android:name="android.permission.WAKE_LOCK" />
12-->[:firebase_messaging] AndroidManifest.xml:8:5-68
12-->[:firebase_messaging] AndroidManifest.xml:8:22-65
13    <uses-permission android:name="android.permission.ACCESS_NETWORK_STATE" />
13-->[:firebase_messaging] AndroidManifest.xml:9:5-79
13-->[:firebase_messaging] AndroidManifest.xml:9:22-76
14    <uses-permission android:name="android.permission.READ_EXTERNAL_STORAGE" />
14-->[:file_picker] AndroidManifest.xml:7:5-80
14-->[:file_picker] AndroidManifest.xml:7:22-77
15
16    <queries>
16-->[:file_picker] AndroidManifest.xml:9:5-15:15
17        <intent>
17-->[:file_picker] AndroidManifest.xml:10:9-14:18
18            <action android:name="android.intent.action.GET_CONTENT" />
18-->[:file_picker] AndroidManifest.xml:11:13-72
18-->[:file_picker] AndroidManifest.xml:11:21-69
19
20            <data android:mimeType="*/*" />
20-->src/main/AndroidManifest.xml:14:17-116
21        </intent>
22    </queries>
23
24    <uses-permission android:name="android.permission.RECEIVE_BOOT_COMPLETED" />
24-->[:flutter_local_notifications] AndroidManifest.xml:7:5-81
24-->[:flutter_local_notifications] AndroidManifest.xml:7:22-78
25    <uses-permission android:name="android.permission.VIBRATE" />
25-->[:flutter_local_notifications] AndroidManifest.xml:8:5-66
25-->[:flutter_local_notifications] AndroidManifest.xml:8:22-63
26    <uses-permission android:name="android.permission.USE_FULL_SCREEN_INTENT" />
26-->[:flutter_local_notifications] AndroidManifest.xml:9:5-81
26-->[:flutter_local_notifications] AndroidManifest.xml:9:22-78
27    <uses-permission android:name="android.permission.SCHEDULE_EXACT_ALARM" />
27-->[:flutter_local_notifications] AndroidManifest.xml:10:5-79
27-->[:flutter_local_notifications] AndroidManifest.xml:10:22-76
28    <uses-permission android:name="android.permission.REQUEST_INSTALL_PACKAGES" /> <!-- Required by older versions of Google Play services to create IID tokens -->
28-->[:open_file] AndroidManifest.xml:8:5-83
28-->[:open_file] AndroidManifest.xml:8:22-80
29    <uses-permission android:name="com.google.android.c2dm.permission.RECEIVE" />
29-->[com.google.firebase:firebase-messaging:23.0.2] AndroidManifest.xml:28:5-82
29-->[com.google.firebase:firebase-messaging:23.0.2] AndroidManifest.xml:28:22-79
30    <uses-permission android:name="com.google.android.gms.permission.AD_ID" />
30-->[com.google.android.gms:play-services-measurement-api:20.1.1] AndroidManifest.xml:25:5-79
30-->[com.google.android.gms:play-services-measurement-api:20.1.1] AndroidManifest.xml:25:22-76
31    <uses-permission android:name="com.google.android.finsky.permission.BIND_GET_INSTALL_REFERRER_SERVICE" />
31-->[com.google.android.gms:play-services-measurement:20.1.1] AndroidManifest.xml:26:5-110
31-->[com.google.android.gms:play-services-measurement:20.1.1] AndroidManifest.xml:26:22-107
32    <uses-permission android:name="android.permission.CAMERA" /> <!-- Don't require camera, as this requires a rear camera. This allows it to work on the Nexus 7 -->
32-->[com.journeyapps:zxing-android-embedded:4.3.0] AndroidManifest.xml:22:5-65
32-->[com.journeyapps:zxing-android-embedded:4.3.0] AndroidManifest.xml:22:22-62
33    <uses-feature
33-->[com.journeyapps:zxing-android-embedded:4.3.0] AndroidManifest.xml:25:5-27:36
34        android:name="android.hardware.camera"
34-->[com.journeyapps:zxing-android-embedded:4.3.0] AndroidManifest.xml:26:9-47
35        android:required="false" />
35-->[com.journeyapps:zxing-android-embedded:4.3.0] AndroidManifest.xml:27:9-33
36    <uses-feature
36-->[com.journeyapps:zxing-android-embedded:4.3.0] AndroidManifest.xml:28:5-30:36
37        android:name="android.hardware.camera.front"
37-->[com.journeyapps:zxing-android-embedded:4.3.0] AndroidManifest.xml:29:9-53
38        android:required="false" /> <!-- TODO replace above two with next line after Android 4.2 -->
38-->[com.journeyapps:zxing-android-embedded:4.3.0] AndroidManifest.xml:30:9-33
39    <!-- <uses-feature android:name="android.hardware.camera.any"/> -->
40    <uses-feature
40-->[com.journeyapps:zxing-android-embedded:4.3.0] AndroidManifest.xml:33:5-35:36
41        android:name="android.hardware.camera.autofocus"
41-->[com.journeyapps:zxing-android-embedded:4.3.0] AndroidManifest.xml:34:9-57
42        android:required="false" />
42-->[com.journeyapps:zxing-android-embedded:4.3.0] AndroidManifest.xml:35:9-33
43    <uses-feature
43-->[com.journeyapps:zxing-android-embedded:4.3.0] AndroidManifest.xml:36:5-38:36
44        android:name="android.hardware.camera.flash"
44-->[com.journeyapps:zxing-android-embedded:4.3.0] AndroidManifest.xml:37:9-53
45        android:required="false" />
45-->[com.journeyapps:zxing-android-embedded:4.3.0] AndroidManifest.xml:38:9-33
46    <uses-feature
46-->[com.journeyapps:zxing-android-embedded:4.3.0] AndroidManifest.xml:39:5-41:36
47        android:name="android.hardware.screen.landscape"
47-->[com.journeyapps:zxing-android-embedded:4.3.0] AndroidManifest.xml:40:9-57
48        android:required="false" />
48-->[com.journeyapps:zxing-android-embedded:4.3.0] AndroidManifest.xml:41:9-33
49    <uses-feature
49-->[com.journeyapps:zxing-android-embedded:4.3.0] AndroidManifest.xml:42:5-44:36
50        android:name="android.hardware.wifi"
50-->[com.journeyapps:zxing-android-embedded:4.3.0] AndroidManifest.xml:43:9-45
51        android:required="false" />
51-->[com.journeyapps:zxing-android-embedded:4.3.0] AndroidManifest.xml:44:9-33
52
53    <application
54        android:name="android.app.Application"
54-->src/main/AndroidManifest.xml:4:40-73
55        android:appComponentFactory="androidx.core.app.CoreComponentFactory"
55-->[androidx.core:core:1.7.0] AndroidManifest.xml:24:18-86
56        android:icon="@mipmap/ic_launcher"
56-->src/main/AndroidManifest.xml:4:74-108
57        android:label="bvrit" >
57-->src/main/AndroidManifest.xml:4:18-39
58        <activity
58-->src/main/AndroidManifest.xml:5:9-17:20
59            android:name="com.example.bvrit.MainActivity"
59-->src/main/AndroidManifest.xml:5:19-47
60            android:configChanges="orientation|keyboardHidden|keyboard|screenSize|smallestScreenSize|locale|layoutDirection|fontScale|screenLayout|density|uiMode"
60-->src/main/AndroidManifest.xml:5:138-288
61            android:exported="true"
61-->src/main/AndroidManifest.xml:5:48-71
62            android:hardwareAccelerated="true"
62-->src/main/AndroidManifest.xml:5:289-323
63            android:launchMode="singleTop"
63-->src/main/AndroidManifest.xml:5:72-102
64            android:theme="@style/LaunchTheme"
64-->src/main/AndroidManifest.xml:5:103-137
65            android:windowSoftInputMode="adjustResize" >
65-->src/main/AndroidManifest.xml:5:324-366
66
67            <!--
68                 Specifies an Android theme to apply to this Activity as soon as
69                 the Android process has started. This theme is visible to the user
70                 while the Flutter UI initializes. After that, this theme continues
71                 to determine the Window background behind the Flutter UI.
72            -->
73            <meta-data
73-->src/main/AndroidManifest.xml:10:13-120
74                android:name="io.flutter.embedding.android.NormalTheme"
74-->src/main/AndroidManifest.xml:10:24-79
75                android:resource="@style/NormalTheme" />
75-->src/main/AndroidManifest.xml:10:80-117
76
77            <intent-filter>
77-->src/main/AndroidManifest.xml:11:13-16:29
78                <action android:name="android.intent.action.MAIN" />
78-->src/main/AndroidManifest.xml:12:17-68
78-->src/main/AndroidManifest.xml:12:25-66
79
80                <category android:name="android.intent.category.LAUNCHER" />
80-->src/main/AndroidManifest.xml:13:17-76
80-->src/main/AndroidManifest.xml:13:27-74
81
82                <data
82-->src/main/AndroidManifest.xml:14:17-116
83                    android:host="permissionapp.herokuapp.com"
83-->src/main/AndroidManifest.xml:14:45-87
84                    android:pathPattern="/.*"
84-->src/main/AndroidManifest.xml:14:88-113
85                    android:scheme="http" />
85-->src/main/AndroidManifest.xml:14:23-44
86                <data
86-->src/main/AndroidManifest.xml:14:17-116
87                    android:host="permissionapp.herokuapp.com"
87-->src/main/AndroidManifest.xml:14:45-87
88                    android:pathPattern="/.*"
88-->src/main/AndroidManifest.xml:14:88-113
89                    android:scheme="https" />
89-->src/main/AndroidManifest.xml:14:23-44
90            </intent-filter>
91        </activity>
92        <!--
93             Don't delete the meta-data below.
94             This is used by the Flutter tool to generate GeneratedPluginRegistrant.java
95        -->
96        <meta-data
96-->src/main/AndroidManifest.xml:20:9-72
97            android:name="flutterEmbedding"
97-->src/main/AndroidManifest.xml:20:20-51
98            android:value="2" />
98-->src/main/AndroidManifest.xml:20:52-69
99
100        <service
100-->[:firebase_messaging] AndroidManifest.xml:12:9-15:72
101            android:name="io.flutter.plugins.firebase.messaging.FlutterFirebaseMessagingBackgroundService"
101-->[:firebase_messaging] AndroidManifest.xml:13:13-107
102            android:exported="false"
102-->[:firebase_messaging] AndroidManifest.xml:14:13-37
103            android:permission="android.permission.BIND_JOB_SERVICE" />
103-->[:firebase_messaging] AndroidManifest.xml:15:13-69
104        <service
104-->[:firebase_messaging] AndroidManifest.xml:16:9-22:19
105            android:name="io.flutter.plugins.firebase.messaging.FlutterFirebaseMessagingService"
105-->[:firebase_messaging] AndroidManifest.xml:17:13-97
106            android:exported="false" >
106-->[:firebase_messaging] AndroidManifest.xml:18:13-37
107            <intent-filter>
107-->[:firebase_messaging] AndroidManifest.xml:19:13-21:29
108                <action android:name="com.google.firebase.MESSAGING_EVENT" />
108-->[:firebase_messaging] AndroidManifest.xml:20:17-78
108-->[:firebase_messaging] AndroidManifest.xml:20:25-75
109            </intent-filter>
110        </service>
111
112        <receiver
112-->[:firebase_messaging] AndroidManifest.xml:24:9-31:20
113            android:name="io.flutter.plugins.firebase.messaging.FlutterFirebaseMessagingReceiver"
113-->[:firebase_messaging] AndroidManifest.xml:25:13-98
114            android:exported="true"
114-->[:firebase_messaging] AndroidManifest.xml:26:13-36
115            android:permission="com.google.android.c2dm.permission.SEND" >
115-->[:firebase_messaging] AndroidManifest.xml:27:13-73
116            <intent-filter>
116-->[:firebase_messaging] AndroidManifest.xml:28:13-30:29
117                <action android:name="com.google.android.c2dm.intent.RECEIVE" />
117-->[:firebase_messaging] AndroidManifest.xml:29:17-81
117-->[:firebase_messaging] AndroidManifest.xml:29:25-78
118            </intent-filter>
119        </receiver>
120
121        <service
121-->[:firebase_messaging] AndroidManifest.xml:33:9-37:19
122            android:name="com.google.firebase.components.ComponentDiscoveryService"
122-->[:firebase_messaging] AndroidManifest.xml:33:18-89
123            android:directBootAware="true"
123-->[com.google.firebase:firebase-common:20.1.0] AndroidManifest.xml:35:13-43
124            android:exported="false" >
124-->[com.google.firebase:firebase-messaging:23.0.2] AndroidManifest.xml:54:13-37
125            <meta-data
125-->[:firebase_messaging] AndroidManifest.xml:34:13-36:85
126                android:name="com.google.firebase.components:io.flutter.plugins.firebase.messaging.FlutterFirebaseAppRegistrar"
126-->[:firebase_messaging] AndroidManifest.xml:35:17-128
127                android:value="com.google.firebase.components.ComponentRegistrar" />
127-->[:firebase_messaging] AndroidManifest.xml:36:17-82
128            <meta-data
128-->[:firebase_core] AndroidManifest.xml:9:13-11:85
129                android:name="com.google.firebase.components:io.flutter.plugins.firebase.core.FlutterFirebaseCoreRegistrar"
129-->[:firebase_core] AndroidManifest.xml:10:17-124
130                android:value="com.google.firebase.components.ComponentRegistrar" />
130-->[:firebase_core] AndroidManifest.xml:11:17-82
131            <meta-data
131-->[com.google.firebase:firebase-messaging:23.0.2] AndroidManifest.xml:55:13-57:85
132                android:name="com.google.firebase.components:com.google.firebase.messaging.FirebaseMessagingRegistrar"
132-->[com.google.firebase:firebase-messaging:23.0.2] AndroidManifest.xml:56:17-119
133                android:value="com.google.firebase.components.ComponentRegistrar" />
133-->[com.google.firebase:firebase-messaging:23.0.2] AndroidManifest.xml:57:17-82
134            <meta-data
134-->[com.google.firebase:firebase-datatransport:18.1.1] AndroidManifest.xml:28:13-30:85
135                android:name="com.google.firebase.components:com.google.firebase.datatransport.TransportRegistrar"
135-->[com.google.firebase:firebase-datatransport:18.1.1] AndroidManifest.xml:29:17-115
136                android:value="com.google.firebase.components.ComponentRegistrar" />
136-->[com.google.firebase:firebase-datatransport:18.1.1] AndroidManifest.xml:30:17-82
137            <meta-data
137-->[com.google.android.gms:play-services-measurement-api:20.1.1] AndroidManifest.xml:31:13-33:85
138                android:name="com.google.firebase.components:com.google.firebase.analytics.connector.internal.AnalyticsConnectorRegistrar"
138-->[com.google.android.gms:play-services-measurement-api:20.1.1] AndroidManifest.xml:32:17-139
139                android:value="com.google.firebase.components.ComponentRegistrar" />
139-->[com.google.android.gms:play-services-measurement-api:20.1.1] AndroidManifest.xml:33:17-82
140            <meta-data
140-->[com.google.firebase:firebase-installations:17.0.1] AndroidManifest.xml:18:13-20:85
141                android:name="com.google.firebase.components:com.google.firebase.installations.FirebaseInstallationsRegistrar"
141-->[com.google.firebase:firebase-installations:17.0.1] AndroidManifest.xml:19:17-127
142                android:value="com.google.firebase.components.ComponentRegistrar" />
142-->[com.google.firebase:firebase-installations:17.0.1] AndroidManifest.xml:20:17-82
143        </service>
144
145        <provider
145-->[:firebase_messaging] AndroidManifest.xml:39:9-43:38
146            android:name="io.flutter.plugins.firebase.messaging.FlutterFirebaseMessagingInitProvider"
146-->[:firebase_messaging] AndroidManifest.xml:40:13-102
147            android:authorities="com.example.bvrit.flutterfirebasemessaginginitprovider"
147-->[:firebase_messaging] AndroidManifest.xml:41:13-88
148            android:exported="false"
148-->[:firebase_messaging] AndroidManifest.xml:42:13-37
149            android:initOrder="99" />
149-->[:firebase_messaging] AndroidManifest.xml:43:13-35
150        <provider
150-->[:image_picker] AndroidManifest.xml:8:9-16:20
151            android:name="io.flutter.plugins.imagepicker.ImagePickerFileProvider"
151-->[:image_picker] AndroidManifest.xml:9:13-82
152            android:authorities="com.example.bvrit.flutter.image_provider"
152-->[:image_picker] AndroidManifest.xml:10:13-74
153            android:exported="false"
153-->[:image_picker] AndroidManifest.xml:11:13-37
154            android:grantUriPermissions="true" >
154-->[:image_picker] AndroidManifest.xml:12:13-47
155            <meta-data
155-->[:image_picker] AndroidManifest.xml:13:13-15:75
156                android:name="android.support.FILE_PROVIDER_PATHS"
156-->[:image_picker] AndroidManifest.xml:14:17-67
157                android:resource="@xml/flutter_image_picker_file_paths" />
157-->[:image_picker] AndroidManifest.xml:15:17-72
158        </provider>
159
160        <receiver
160-->[:flutter_local_notifications] AndroidManifest.xml:13:9-15:40
161            android:name="com.dexterous.flutterlocalnotifications.ScheduledNotificationReceiver"
161-->[:flutter_local_notifications] AndroidManifest.xml:14:13-97
162            android:exported="false" />
162-->[:flutter_local_notifications] AndroidManifest.xml:15:13-37
163        <receiver
163-->[:flutter_local_notifications] AndroidManifest.xml:16:9-25:20
164            android:name="com.dexterous.flutterlocalnotifications.ScheduledNotificationBootReceiver"
164-->[:flutter_local_notifications] AndroidManifest.xml:17:13-101
165            android:exported="false" >
165-->[:flutter_local_notifications] AndroidManifest.xml:18:13-37
166            <intent-filter>
166-->[:flutter_local_notifications] AndroidManifest.xml:19:13-24:29
167                <action android:name="android.intent.action.BOOT_COMPLETED" />
167-->[:flutter_local_notifications] AndroidManifest.xml:20:17-79
167-->[:flutter_local_notifications] AndroidManifest.xml:20:25-76
168                <action android:name="android.intent.action.MY_PACKAGE_REPLACED" />
168-->[:flutter_local_notifications] AndroidManifest.xml:21:17-84
168-->[:flutter_local_notifications] AndroidManifest.xml:21:25-81
169                <action android:name="android.intent.action.QUICKBOOT_POWERON" />
169-->[:flutter_local_notifications] AndroidManifest.xml:22:17-82
169-->[:flutter_local_notifications] AndroidManifest.xml:22:25-79
170                <action android:name="com.htc.intent.action.QUICKBOOT_POWERON" />
170-->[:flutter_local_notifications] AndroidManifest.xml:23:17-82
170-->[:flutter_local_notifications] AndroidManifest.xml:23:25-79
171            </intent-filter>
172        </receiver>
173
174        <provider
174-->[:open_file] AndroidManifest.xml:12:9-21:20
175            android:name="com.crazecoder.openfile.FileProvider"
175-->[:open_file] AndroidManifest.xml:13:13-64
176            android:authorities="com.example.bvrit.fileProvider.com.crazecoder.openfile"
176-->[:open_file] AndroidManifest.xml:14:13-88
177            android:exported="false"
177-->[:open_file] AndroidManifest.xml:15:13-37
178            android:grantUriPermissions="true" >
178-->[:open_file] AndroidManifest.xml:16:13-47
179            <meta-data
179-->[:image_picker] AndroidManifest.xml:13:13-15:75
180                android:name="android.support.FILE_PROVIDER_PATHS"
180-->[:image_picker] AndroidManifest.xml:14:17-67
181                android:resource="@xml/filepaths" />
181-->[:image_picker] AndroidManifest.xml:15:17-72
182        </provider>
183
184        <uses-library
184-->[androidx.window:window:1.0.0-beta04] AndroidManifest.xml:25:9-27:40
185            android:name="androidx.window.extensions"
185-->[androidx.window:window:1.0.0-beta04] AndroidManifest.xml:26:13-54
186            android:required="false" />
186-->[androidx.window:window:1.0.0-beta04] AndroidManifest.xml:27:13-37
187        <uses-library
187-->[androidx.window:window:1.0.0-beta04] AndroidManifest.xml:28:9-30:40
188            android:name="androidx.window.sidecar"
188-->[androidx.window:window:1.0.0-beta04] AndroidManifest.xml:29:13-51
189            android:required="false" />
189-->[androidx.window:window:1.0.0-beta04] AndroidManifest.xml:30:13-37
190
191        <receiver
191-->[com.google.firebase:firebase-messaging:23.0.2] AndroidManifest.xml:31:9-38:20
192            android:name="com.google.firebase.iid.FirebaseInstanceIdReceiver"
192-->[com.google.firebase:firebase-messaging:23.0.2] AndroidManifest.xml:32:13-78
193            android:exported="true"
193-->[com.google.firebase:firebase-messaging:23.0.2] AndroidManifest.xml:33:13-36
194            android:permission="com.google.android.c2dm.permission.SEND" >
194-->[com.google.firebase:firebase-messaging:23.0.2] AndroidManifest.xml:34:13-73
195            <intent-filter>
195-->[:firebase_messaging] AndroidManifest.xml:28:13-30:29
196                <action android:name="com.google.android.c2dm.intent.RECEIVE" />
196-->[:firebase_messaging] AndroidManifest.xml:29:17-81
196-->[:firebase_messaging] AndroidManifest.xml:29:25-78
197            </intent-filter>
198        </receiver>
199        <!--
200             FirebaseMessagingService performs security checks at runtime,
201             but set to not exported to explicitly avoid allowing another app to call it.
202        -->
203        <service
203-->[com.google.firebase:firebase-messaging:23.0.2] AndroidManifest.xml:44:9-51:19
204            android:name="com.google.firebase.messaging.FirebaseMessagingService"
204-->[com.google.firebase:firebase-messaging:23.0.2] AndroidManifest.xml:45:13-82
205            android:directBootAware="true"
205-->[com.google.firebase:firebase-messaging:23.0.2] AndroidManifest.xml:46:13-43
206            android:exported="false" >
206-->[com.google.firebase:firebase-messaging:23.0.2] AndroidManifest.xml:47:13-37
207            <intent-filter android:priority="-500" >
207-->[:firebase_messaging] AndroidManifest.xml:19:13-21:29
208                <action android:name="com.google.firebase.MESSAGING_EVENT" />
208-->[:firebase_messaging] AndroidManifest.xml:20:17-78
208-->[:firebase_messaging] AndroidManifest.xml:20:25-75
209            </intent-filter>
210        </service>
211        <service
211-->[com.google.android.datatransport:transport-backend-cct:3.1.2] AndroidManifest.xml:29:9-35:19
212            android:name="com.google.android.datatransport.runtime.backends.TransportBackendDiscovery"
212-->[com.google.android.datatransport:transport-backend-cct:3.1.2] AndroidManifest.xml:30:13-103
213            android:exported="false" >
213-->[com.google.android.datatransport:transport-backend-cct:3.1.2] AndroidManifest.xml:31:13-37
214            <meta-data
214-->[com.google.android.datatransport:transport-backend-cct:3.1.2] AndroidManifest.xml:32:13-34:39
215                android:name="backend:com.google.android.datatransport.cct.CctBackendFactory"
215-->[com.google.android.datatransport:transport-backend-cct:3.1.2] AndroidManifest.xml:33:17-94
216                android:value="cct" />
216-->[com.google.android.datatransport:transport-backend-cct:3.1.2] AndroidManifest.xml:34:17-36
217        </service>
218        <service
218-->[com.google.android.datatransport:transport-runtime:3.1.2] AndroidManifest.xml:26:9-30:19
219            android:name="com.google.android.datatransport.runtime.scheduling.jobscheduling.JobInfoSchedulerService"
219-->[com.google.android.datatransport:transport-runtime:3.1.2] AndroidManifest.xml:27:13-117
220            android:exported="false"
220-->[com.google.android.datatransport:transport-runtime:3.1.2] AndroidManifest.xml:28:13-37
221            android:permission="android.permission.BIND_JOB_SERVICE" >
221-->[com.google.android.datatransport:transport-runtime:3.1.2] AndroidManifest.xml:29:13-69
222        </service>
223
224        <receiver
224-->[com.google.android.datatransport:transport-runtime:3.1.2] AndroidManifest.xml:32:9-34:40
225            android:name="com.google.android.datatransport.runtime.scheduling.jobscheduling.AlarmManagerSchedulerBroadcastReceiver"
225-->[com.google.android.datatransport:transport-runtime:3.1.2] AndroidManifest.xml:33:13-132
226            android:exported="false" />
226-->[com.google.android.datatransport:transport-runtime:3.1.2] AndroidManifest.xml:34:13-37
227
228        <provider
228-->[com.google.firebase:firebase-common:20.1.0] AndroidManifest.xml:26:9-31:39
229            android:name="com.google.firebase.provider.FirebaseInitProvider"
229-->[com.google.firebase:firebase-common:20.1.0] AndroidManifest.xml:27:13-77
230            android:authorities="com.example.bvrit.firebaseinitprovider"
230-->[com.google.firebase:firebase-common:20.1.0] AndroidManifest.xml:28:13-72
231            android:directBootAware="true"
231-->[com.google.firebase:firebase-common:20.1.0] AndroidManifest.xml:29:13-43
232            android:exported="false"
232-->[com.google.firebase:firebase-common:20.1.0] AndroidManifest.xml:30:13-37
233            android:initOrder="100" />
233-->[com.google.firebase:firebase-common:20.1.0] AndroidManifest.xml:31:13-36
234
235        <receiver
235-->[com.google.android.gms:play-services-measurement:20.1.1] AndroidManifest.xml:29:9-33:20
236            android:name="com.google.android.gms.measurement.AppMeasurementReceiver"
236-->[com.google.android.gms:play-services-measurement:20.1.1] AndroidManifest.xml:30:13-85
237            android:enabled="true"
237-->[com.google.android.gms:play-services-measurement:20.1.1] AndroidManifest.xml:31:13-35
238            android:exported="false" >
238-->[com.google.android.gms:play-services-measurement:20.1.1] AndroidManifest.xml:32:13-37
239        </receiver>
240
241        <service
241-->[com.google.android.gms:play-services-measurement:20.1.1] AndroidManifest.xml:35:9-38:40
242            android:name="com.google.android.gms.measurement.AppMeasurementService"
242-->[com.google.android.gms:play-services-measurement:20.1.1] AndroidManifest.xml:36:13-84
243            android:enabled="true"
243-->[com.google.android.gms:play-services-measurement:20.1.1] AndroidManifest.xml:37:13-35
244            android:exported="false" />
244-->[com.google.android.gms:play-services-measurement:20.1.1] AndroidManifest.xml:38:13-37
245        <service
245-->[com.google.android.gms:play-services-measurement:20.1.1] AndroidManifest.xml:39:9-43:72
246            android:name="com.google.android.gms.measurement.AppMeasurementJobService"
246-->[com.google.android.gms:play-services-measurement:20.1.1] AndroidManifest.xml:40:13-87
247            android:enabled="true"
247-->[com.google.android.gms:play-services-measurement:20.1.1] AndroidManifest.xml:41:13-35
248            android:exported="false"
248-->[com.google.android.gms:play-services-measurement:20.1.1] AndroidManifest.xml:42:13-37
249            android:permission="android.permission.BIND_JOB_SERVICE" />
249-->[com.google.android.gms:play-services-measurement:20.1.1] AndroidManifest.xml:43:13-69
250
251        <activity
251-->[com.google.android.gms:play-services-base:18.0.1] AndroidManifest.xml:20:9-22:45
252            android:name="com.google.android.gms.common.api.GoogleApiActivity"
252-->[com.google.android.gms:play-services-base:18.0.1] AndroidManifest.xml:20:19-85
253            android:exported="false"
253-->[com.google.android.gms:play-services-base:18.0.1] AndroidManifest.xml:22:19-43
254            android:theme="@android:style/Theme.Translucent.NoTitleBar" />
254-->[com.google.android.gms:play-services-base:18.0.1] AndroidManifest.xml:21:19-78
255
256        <meta-data
256-->[com.google.android.gms:play-services-basement:18.0.0] AndroidManifest.xml:21:9-23:69
257            android:name="com.google.android.gms.version"
257-->[com.google.android.gms:play-services-basement:18.0.0] AndroidManifest.xml:22:13-58
258            android:value="@integer/google_play_services_version" />
258-->[com.google.android.gms:play-services-basement:18.0.0] AndroidManifest.xml:23:13-66
259
260        <provider
260-->[androidx.emoji2:emoji2:1.0.0] AndroidManifest.xml:26:9-34:20
261            android:name="androidx.startup.InitializationProvider"
261-->[androidx.emoji2:emoji2:1.0.0] AndroidManifest.xml:27:13-67
262            android:authorities="com.example.bvrit.androidx-startup"
262-->[androidx.emoji2:emoji2:1.0.0] AndroidManifest.xml:28:13-68
263            android:exported="false" >
263-->[androidx.emoji2:emoji2:1.0.0] AndroidManifest.xml:29:13-37
264            <meta-data
264-->[androidx.emoji2:emoji2:1.0.0] AndroidManifest.xml:31:13-33:52
265                android:name="androidx.emoji2.text.EmojiCompatInitializer"
265-->[androidx.emoji2:emoji2:1.0.0] AndroidManifest.xml:32:17-75
266                android:value="androidx.startup" />
266-->[androidx.emoji2:emoji2:1.0.0] AndroidManifest.xml:33:17-49
267            <meta-data
267-->[androidx.lifecycle:lifecycle-process:2.4.0] AndroidManifest.xml:31:13-33:52
268                android:name="androidx.lifecycle.ProcessLifecycleInitializer"
268-->[androidx.lifecycle:lifecycle-process:2.4.0] AndroidManifest.xml:32:17-78
269                android:value="androidx.startup" />
269-->[androidx.lifecycle:lifecycle-process:2.4.0] AndroidManifest.xml:33:17-49
270        </provider>
271
272        <activity
272-->[com.journeyapps:zxing-android-embedded:4.3.0] AndroidManifest.xml:47:9-53:63
273            android:name="com.journeyapps.barcodescanner.CaptureActivity"
273-->[com.journeyapps:zxing-android-embedded:4.3.0] AndroidManifest.xml:48:13-74
274            android:clearTaskOnLaunch="true"
274-->[com.journeyapps:zxing-android-embedded:4.3.0] AndroidManifest.xml:49:13-45
275            android:screenOrientation="sensorLandscape"
275-->[com.journeyapps:zxing-android-embedded:4.3.0] AndroidManifest.xml:50:13-56
276            android:stateNotNeeded="true"
276-->[com.journeyapps:zxing-android-embedded:4.3.0] AndroidManifest.xml:51:13-42
277            android:theme="@style/zxing_CaptureTheme"
277-->[com.journeyapps:zxing-android-embedded:4.3.0] AndroidManifest.xml:52:13-54
278            android:windowSoftInputMode="stateAlwaysHidden" />
278-->[com.journeyapps:zxing-android-embedded:4.3.0] AndroidManifest.xml:53:13-60
279    </application>
280
281</manifest>